<?xml version="1.0" encoding="UTF-8"?>
<testsuite name="ata.unit.one.project.comparator.SortByPersonNameTest" tests="4" skipped="0" failures="0" errors="0" timestamp="2022-02-20T12:44:32" hostname="Amerikas-MBP.home" time="0.058">
  <properties/>
  <testcase name="return_first_item_upper_case()" classname="ata.unit.one.project.comparator.SortByPersonNameTest" time="0.03"/>
  <testcase name="return_last_item_lower_case()" classname="ata.unit.one.project.comparator.SortByPersonNameTest" time="0.01"/>
  <testcase name="return_first_item_lower_case()" classname="ata.unit.one.project.comparator.SortByPersonNameTest" time="0.006"/>
  <testcase name="return_last_item_upper_case()" classname="ata.unit.one.project.comparator.SortByPersonNameTest" time="0.01"/>
  <system-out><![CDATA[]]></system-out>
  <system-err><![CDATA[]]></system-err>
</testsuite>
